2018-06-07 11:13:19,246 - simple_example - DEBUG - debug message
2018-06-07 11:13:19,246 - simple_example - INFO - info message
2018-06-07 11:13:19,246 - simple_example - WARNING - warn message
2018-06-07 11:13:19,246 - simple_example - ERROR - error message
2018-06-07 11:13:19,246 - simple_example - CRITICAL - critical message
2018-06-07 14:23:22,168 - spam_application - INFO - creating an instance of auxiliary_module.Auxiliary
2018-06-07 14:23:22,168 - spam_application.auxiliary.Auxiliary - INFO - creating an instance of Auxiliary
2018-06-07 14:23:22,168 - spam_application - INFO - created an instance of auxiliary_module.Auxiliary
2018-06-07 14:23:22,168 - spam_application - INFO - calling auxiliary_module.Auxiliary.do_something
2018-06-07 14:23:22,168 - spam_application.auxiliary.Auxiliary - INFO - doing something
2018-06-07 14:23:22,168 - spam_application.auxiliary.Auxiliary - INFO - done doing something
2018-06-07 14:23:22,169 - spam_application - INFO - finished auxiliary_module.Auxiliary.do_something
2018-06-07 14:23:22,169 - spam_application - INFO - calling auxiliary_module.some_function()
2018-06-07 14:23:22,169 - spam_application.auxiliary - INFO - received a call to "some_function"
2018-06-07 14:23:22,169 - spam_application - INFO - done with auxiliary_module.some_function()
2018-06-07 14:24:17,008 - __main__ - INFO - creating an instance of auxiliary_module.Auxiliary
2018-06-07 14:24:17,008 - __main__ - INFO - created an instance of auxiliary_module.Auxiliary
2018-06-07 14:24:17,008 - __main__ - INFO - calling auxiliary_module.Auxiliary.do_something
2018-06-07 14:24:17,008 - __main__ - INFO - finished auxiliary_module.Auxiliary.do_something
2018-06-07 14:24:17,008 - __main__ - INFO - calling auxiliary_module.some_function()
2018-06-07 14:24:17,008 - __main__ - INFO - done with auxiliary_module.some_function()
2018-06-07 14:26:47,598 - __main__ - INFO - creating an instance of auxiliary_module.Auxiliary
2018-06-07 14:26:47,598 - __main__ - INFO - created an instance of auxiliary_module.Auxiliary
2018-06-07 14:26:47,598 - __main__ - INFO - calling auxiliary_module.Auxiliary.do_something
2018-06-07 14:26:47,598 - __main__ - INFO - finished auxiliary_module.Auxiliary.do_something
2018-06-07 14:26:47,598 - __main__ - INFO - calling auxiliary_module.some_function()
2018-06-07 14:26:47,598 - __main__ - INFO - done with auxiliary_module.some_function()
2018-06-07 14:27:42,324 - spam_application - INFO - creating an instance of auxiliary_module.Auxiliary
2018-06-07 14:27:42,324 - spam_application.auxiliary.Auxiliary - INFO - creating an instance of Auxiliary
2018-06-07 14:27:42,324 - spam_application - INFO - created an instance of auxiliary_module.Auxiliary
2018-06-07 14:27:42,324 - spam_application - INFO - calling auxiliary_module.Auxiliary.do_something
2018-06-07 14:27:42,324 - spam_application.auxiliary.Auxiliary - INFO - doing something
2018-06-07 14:27:42,324 - spam_application.auxiliary.Auxiliary - INFO - done doing something
2018-06-07 14:27:42,324 - spam_application - INFO - finished auxiliary_module.Auxiliary.do_something
2018-06-07 14:27:42,325 - spam_application - INFO - calling auxiliary_module.some_function()
2018-06-07 14:27:42,325 - spam_application.auxiliary - INFO - received a call to "some_function"
2018-06-07 14:27:42,325 - spam_application - INFO - done with auxiliary_module.some_function()
